{
  "RSpec": {
    "coverage": {
      "/home/home/BookStore/BookStore/app/controllers/books_controller.rb": {
        "lines": [
          null,
          null,
          1,
          1,
          42,
          42,
          42,
          42,
          42,
          42,
          42,
          null,
          null,
          1,
          5,
          5,
          null,
          null,
          1,
          null,
          1,
          42,
          null,
          null,
          1,
          42,
          null,
          null,
          1,
          42,
          null,
          null,
          1,
          126,
          null,
          null
        ],
        "branches": {
        }
      },
      "/home/home/BookStore/BookStore/app/controllers/application_controller.rb": {
        "lines": [
          null,
          null,
          1,
          1,
          null
        ],
        "branches": {
        }
      },
      "/home/home/BookStore/BookStore/app/helpers/application_helper.rb": {
        "lines": [
          null,
          null,
          1,
          1,
          null
        ],
        "branches": {
        }
      },
      "/home/home/BookStore/BookStore/app/queries/book_queries.rb": {
        "lines": [
          null,
          null,
          1,
          null,
          1,
          null,
          null,
          null,
          null,
          null,
          null,
          1,
          1,
          null,
          1,
          null,
          1,
          130,
          130,
          130,
          null,
          null,
          1,
          46,
          46,
          46,
          null,
          null,
          1,
          null,
          1,
          130,
          null,
          null,
          1,
          46,
          null,
          null,
          1,
          46,
          null,
          null
        ],
        "branches": {
          "[:if, 0, 19, 14, 19, 69]": {
            "[:then, 1, 19, 37, 19, 51]": 39,
            "[:else, 2, 19, 54, 19, 69]": 91
          },
          "[:if, 3, 20, 16, 20, 97]": {
            "[:then, 4, 20, 44, 20, 60]": 126,
            "[:else, 5, 20, 63, 20, 97]": 4
          },
          "[:if, 6, 36, 13, 36, 85]": {
            "[:then, 7, 36, 44, 36, 50]": 44,
            "[:else, 8, 36, 53, 36, 85]": 2
          }
        }
      },
      "/home/home/BookStore/BookStore/app/controllers/home_controller.rb": {
        "lines": [
          null,
          null,
          1,
          1,
          3,
          null,
          null
        ],
        "branches": {
        }
      },
      "/home/home/BookStore/BookStore/app/decorators/book_decorator.rb": {
        "lines": [
          null,
          null,
          1,
          1,
          null,
          1,
          null,
          1,
          46,
          null,
          null,
          1,
          5,
          null,
          null,
          1,
          5,
          null,
          null
        ],
        "branches": {
        }
      },
      "/home/home/BookStore/BookStore/app/models/book.rb": {
        "lines": [
          null,
          null,
          1,
          1,
          null,
          1,
          1,
          null,
          1,
          1,
          1,
          1,
          1,
          1,
          1,
          1,
          1,
          null
        ],
        "branches": {
        }
      },
      "/home/home/BookStore/BookStore/app/models/application_record.rb": {
        "lines": [
          null,
          null,
          1,
          1,
          null
        ],
        "branches": {
        }
      },
      "/home/home/BookStore/BookStore/app/models/category.rb": {
        "lines": [
          null,
          null,
          1,
          1,
          1,
          null
        ],
        "branches": {
        }
      },
      "/home/home/BookStore/BookStore/app/models/author.rb": {
        "lines": [
          null,
          null,
          1,
          1,
          1,
          null,
          1,
          null
        ],
        "branches": {
        }
      },
      "/home/home/BookStore/BookStore/app/models/authors_book.rb": {
        "lines": [
          null,
          null,
          1,
          1,
          1,
          null
        ],
        "branches": {
        }
      }
    },

    "timestamp": 1660831136
  }
}
