{
  "RSpec": {
    "coverage": {
      "/home/home/BookStore/BookStore/app/controllers/home_controller.rb": {
        "lines": [
          null,
          null,
          1,
          1,
          null
        ],
        "branches": {
        }
      },
      "/home/home/BookStore/BookStore/app/controllers/application_controller.rb": {
        "lines": [
          null,
          null,
          1,
          null
        ],
        "branches": {
        }
      },
      "/home/home/BookStore/BookStore/app/helpers/application_helper.rb": {
        "lines": [
          null,
          null,
          1,
          null
        ],
        "branches": {
        }
      }
    },
    "timestamp": 1660056088
  }
}
